/*
 *  CMSIS Pack Debug Access Sequence Log
 *  File        : C:\Users\zayam\Desktop\s\stm32f103c8\sdk_2025\sdk2025_Sequences_0032.log
 *  Created     : 23:30:33 (26/05/2025)
 *  Device      : STM32F103C8
 *  PDSC File   : C:/Users/zayam/AppData/Local/Arm/Packs/Keil/STM32F1xx_DFP/2.4.1/Keil.STM32F1xx_DFP.pdsc
 *  Config File : C:\Users\zayam\Desktop\s\stm32f103c8\sdk_2025\DebugConfig\sdk_STM32F103C8_1.0.0.dbgconf
 *
 */

[23:30:33.751]  **********  Sequence "DebugDeviceUnlock"  (Context="Target Access", Pname="", info="")
[23:30:33.751]  
[23:30:33.751]  <debugvars>
[23:30:33.751]    // Pre-defined
[23:30:33.751]    __protocol=0x00010002      (Protocol="SWD", SWJ-DP="True")
[23:30:33.751]    __connection=0x00000202    (Connection Type="Flash", Reset Type="System Reset")
[23:30:33.751]    __dp=0x00000000
[23:30:33.751]    __ap=0x00000000
[23:30:33.751]    __traceout=0x00000000      (Trace Disabled)
[23:30:33.751]    __errorcontrol=0x00000000  (Skip Errors="False")
[23:30:33.751]    __FlashAddr=0x00000000
[23:30:33.751]    __FlashLen=0x00000000
[23:30:33.751]    __FlashArg=0x00000000
[23:30:33.751]    __FlashOp=0x00000000
[23:30:33.751]    __Result=0x00000000
[23:30:33.751]    
[23:30:33.751]    // User-defined
[23:30:33.751]    DbgMCU_CR=0x00000007
[23:30:33.751]  </debugvars>
[23:30:33.751]  
[23:30:33.751]  <sequence name="DebugDeviceUnlock" Pname="" disable="false" info="">
[23:30:33.751]    <block atomic="false" info="">
[23:30:33.751]      Sequence("CheckID");
[23:30:33.751]        <sequence name="CheckID" Pname="" disable="false" info="">
[23:30:33.751]          <block atomic="false" info="">
[23:30:33.751]            __var pidr1 = 0;
[23:30:33.751]              // -> [pidr1 <= 0x00000000]
[23:30:33.751]            __var pidr2 = 0;
[23:30:33.751]              // -> [pidr2 <= 0x00000000]
[23:30:33.751]            __var jep106id = 0;
[23:30:33.751]              // -> [jep106id <= 0x00000000]
[23:30:33.751]            __var ROMTableBase = 0;
[23:30:33.751]              // -> [ROMTableBase <= 0x00000000]
[23:30:33.751]            __ap = 0;      // AHB-AP
[23:30:33.751]              // -> [__ap <= 0x00000000]
[23:30:33.751]            ROMTableBase = ReadAP(0xF8) & ~0x3;
[23:30:33.751]              // -> [ReadAP(0x000000F8) => 0xE00FF003]   (__dp=0x00000000, __ap=0x00000000)
[23:30:33.751]              // -> [ROMTableBase <= 0xE00FF000]
[23:30:33.751]            pidr1 = Read32(ROMTableBase + 0x0FE4);
[23:30:33.751]              // -> [Read32(0xE00FFFE4) => 0x00000004]   (__dp=0x00000000, __ap=0x00000000)
[23:30:33.751]              // -> [pidr1 <= 0x00000004]
[23:30:33.751]            pidr2 = Read32(ROMTableBase + 0x0FE8);
[23:30:33.758]              // -> [Read32(0xE00FFFE8) => 0x0000000A]   (__dp=0x00000000, __ap=0x00000000)
[23:30:33.758]              // -> [pidr2 <= 0x0000000A]
[23:30:33.758]            jep106id = ((pidr2 & 0x7) << 4 ) | ((pidr1 >> 4) & 0xF);
[23:30:33.758]              // -> [jep106id <= 0x00000020]
[23:30:33.758]          </block>
[23:30:33.758]          <control if="jep106id != 0x20" while="" timeout="0" info="">
[23:30:33.758]            // if-block "jep106id != 0x20"
[23:30:33.758]              // =>  FALSE
[23:30:33.758]            // skip if-block "jep106id != 0x20"
[23:30:33.758]          </control>
[23:30:33.758]        </sequence>
[23:30:33.758]    </block>
[23:30:33.758]  </sequence>
[23:30:33.758]  
[23:30:33.760]  **********  Sequence "DebugCoreStart"  (Context="Target Access", Pname="", info="")
[23:30:33.760]  
[23:30:33.760]  <debugvars>
[23:30:33.760]    // Pre-defined
[23:30:33.760]    __protocol=0x00010002      (Protocol="SWD", SWJ-DP="True")
[23:30:33.760]    __connection=0x00000202    (Connection Type="Flash", Reset Type="System Reset")
[23:30:33.760]    __dp=0x00000000
[23:30:33.760]    __ap=0x00000000
[23:30:33.760]    __traceout=0x00000000      (Trace Disabled)
[23:30:33.760]    __errorcontrol=0x00000000  (Skip Errors="False")
[23:30:33.760]    __FlashAddr=0x00000000
[23:30:33.760]    __FlashLen=0x00000000
[23:30:33.760]    __FlashArg=0x00000000
[23:30:33.760]    __FlashOp=0x00000000
[23:30:33.760]    __Result=0x00000000
[23:30:33.760]    
[23:30:33.760]    // User-defined
[23:30:33.760]    DbgMCU_CR=0x00000007
[23:30:33.760]  </debugvars>
[23:30:33.760]  
[23:30:33.760]  <sequence name="DebugCoreStart" Pname="" disable="false" info="">
[23:30:33.760]    <block atomic="false" info="">
[23:30:33.760]      Write32(0xE000EDF0, 0xA05F0001);                                        // Enable Core Debug via DHCSR
[23:30:33.760]        // -> [Write32(0xE000EDF0, 0xA05F0001)]   (__dp=0x00000000, __ap=0x00000000)
[23:30:33.760]      Write32(0xE0042004, DbgMCU_CR);                                         // DBGMCU_CR: Configure MCU Debug
[23:30:33.760]        // -> [Write32(0xE0042004, 0x00000007)]   (__dp=0x00000000, __ap=0x00000000)
[23:30:33.760]    </block>
[23:30:33.760]  </sequence>
[23:30:33.760]  
