/*
 *  CMSIS Pack Debug Access Sequence Log
 *  File        : C:\Users\zayam\Desktop\s\stm32f103c8\sdk_2025\sdk2025_Sequences_0030.log
 *  Created     : 19:06:07 (18/05/2025)
 *  Device      : STM32F103C8
 *  PDSC File   : C:/Users/zayam/AppData/Local/Arm/Packs/Keil/STM32F1xx_DFP/2.4.1/Keil.STM32F1xx_DFP.pdsc
 *  Config File : C:\Users\zayam\Desktop\s\stm32f103c8\sdk_2025\DebugConfig\sdk_STM32F103C8_1.0.0.dbgconf
 *
 */

[19:06:07.306]  **********  Sequence "DebugDeviceUnlock"  (Context="Target Access", Pname="", info="")
[19:06:07.306]  
[19:06:07.306]  <debugvars>
[19:06:07.307]    // Pre-defined
[19:06:07.307]    __protocol=0x00010002      (Protocol="SWD", SWJ-DP="True")
[19:06:07.307]    __connection=0x00000202    (Connection Type="Flash", Reset Type="System Reset")
[19:06:07.307]    __dp=0x00000000
[19:06:07.307]    __ap=0x00000000
[19:06:07.307]    __traceout=0x00000000      (Trace Disabled)
[19:06:07.308]    __errorcontrol=0x00000000  (Skip Errors="False")
[19:06:07.308]    __FlashAddr=0x00000000
[19:06:07.308]    __FlashLen=0x00000000
[19:06:07.308]    __FlashArg=0x00000000
[19:06:07.308]    __FlashOp=0x00000000
[19:06:07.308]    __Result=0x00000000
[19:06:07.308]    
[19:06:07.308]    // User-defined
[19:06:07.308]    DbgMCU_CR=0x00000007
[19:06:07.308]  </debugvars>
[19:06:07.308]  
[19:06:07.309]  <sequence name="DebugDeviceUnlock" Pname="" disable="false" info="">
[19:06:07.309]    <block atomic="false" info="">
[19:06:07.309]      Sequence("CheckID");
[19:06:07.309]        <sequence name="CheckID" Pname="" disable="false" info="">
[19:06:07.309]          <block atomic="false" info="">
[19:06:07.309]            __var pidr1 = 0;
[19:06:07.309]              // -> [pidr1 <= 0x00000000]
[19:06:07.309]            __var pidr2 = 0;
[19:06:07.309]              // -> [pidr2 <= 0x00000000]
[19:06:07.309]            __var jep106id = 0;
[19:06:07.310]              // -> [jep106id <= 0x00000000]
[19:06:07.310]            __var ROMTableBase = 0;
[19:06:07.310]              // -> [ROMTableBase <= 0x00000000]
[19:06:07.310]            __ap = 0;      // AHB-AP
[19:06:07.310]              // -> [__ap <= 0x00000000]
[19:06:07.310]            ROMTableBase = ReadAP(0xF8) & ~0x3;
[19:06:07.310]              // -> [ReadAP(0x000000F8) => 0xE00FF003]   (__dp=0x00000000, __ap=0x00000000)
[19:06:07.310]              // -> [ROMTableBase <= 0xE00FF000]
[19:06:07.310]            pidr1 = Read32(ROMTableBase + 0x0FE4);
[19:06:07.311]              // -> [Read32(0xE00FFFE4) => 0x00000004]   (__dp=0x00000000, __ap=0x00000000)
[19:06:07.311]              // -> [pidr1 <= 0x00000004]
[19:06:07.311]            pidr2 = Read32(ROMTableBase + 0x0FE8);
[19:06:07.311]              // -> [Read32(0xE00FFFE8) => 0x0000000A]   (__dp=0x00000000, __ap=0x00000000)
[19:06:07.311]              // -> [pidr2 <= 0x0000000A]
[19:06:07.311]            jep106id = ((pidr2 & 0x7) << 4 ) | ((pidr1 >> 4) & 0xF);
[19:06:07.311]              // -> [jep106id <= 0x00000020]
[19:06:07.311]          </block>
[19:06:07.311]          <control if="jep106id != 0x20" while="" timeout="0" info="">
[19:06:07.311]            // if-block "jep106id != 0x20"
[19:06:07.311]              // =>  FALSE
[19:06:07.313]            // skip if-block "jep106id != 0x20"
[19:06:07.313]          </control>
[19:06:07.313]        </sequence>
[19:06:07.313]    </block>
[19:06:07.313]  </sequence>
[19:06:07.313]  
[19:06:07.313]  **********  Sequence "DebugCoreStart"  (Context="Target Access", Pname="", info="")
[19:06:07.313]  
[19:06:07.313]  <debugvars>
[19:06:07.314]    // Pre-defined
[19:06:07.314]    __protocol=0x00010002      (Protocol="SWD", SWJ-DP="True")
[19:06:07.314]    __connection=0x00000202    (Connection Type="Flash", Reset Type="System Reset")
[19:06:07.314]    __dp=0x00000000
[19:06:07.314]    __ap=0x00000000
[19:06:07.314]    __traceout=0x00000000      (Trace Disabled)
[19:06:07.314]    __errorcontrol=0x00000000  (Skip Errors="False")
[19:06:07.314]    __FlashAddr=0x00000000
[19:06:07.314]    __FlashLen=0x00000000
[19:06:07.315]    __FlashArg=0x00000000
[19:06:07.315]    __FlashOp=0x00000000
[19:06:07.315]    __Result=0x00000000
[19:06:07.315]    
[19:06:07.315]    // User-defined
[19:06:07.315]    DbgMCU_CR=0x00000007
[19:06:07.315]  </debugvars>
[19:06:07.315]  
[19:06:07.315]  <sequence name="DebugCoreStart" Pname="" disable="false" info="">
[19:06:07.315]    <block atomic="false" info="">
[19:06:07.315]      Write32(0xE000EDF0, 0xA05F0001);                                        // Enable Core Debug via DHCSR
[19:06:07.316]        // -> [Write32(0xE000EDF0, 0xA05F0001)]   (__dp=0x00000000, __ap=0x00000000)
[19:06:07.316]      Write32(0xE0042004, DbgMCU_CR);                                         // DBGMCU_CR: Configure MCU Debug
[19:06:07.317]        // -> [Write32(0xE0042004, 0x00000007)]   (__dp=0x00000000, __ap=0x00000000)
[19:06:07.317]    </block>
[19:06:07.317]  </sequence>
[19:06:07.317]  
[19:12:02.336]  **********  Sequence "DebugDeviceUnlock"  (Context="Target Access", Pname="", info="")
[19:12:02.336]  
[19:12:02.354]  <debugvars>
[19:12:02.354]    // Pre-defined
[19:12:02.354]    __protocol=0x00010002      (Protocol="SWD", SWJ-DP="True")
[19:12:02.354]    __connection=0x00000202    (Connection Type="Flash", Reset Type="System Reset")
[19:12:02.354]    __dp=0x00000000
[19:12:02.354]    __ap=0x00000000
[19:12:02.354]    __traceout=0x00000000      (Trace Disabled)
[19:12:02.354]    __errorcontrol=0x00000000  (Skip Errors="False")
[19:12:02.354]    __FlashAddr=0x00000000
[19:12:02.354]    __FlashLen=0x00000000
[19:12:02.354]    __FlashArg=0x00000000
[19:12:02.354]    __FlashOp=0x00000000
[19:12:02.354]    __Result=0x00000000
[19:12:02.354]    
[19:12:02.354]    // User-defined
[19:12:02.354]    DbgMCU_CR=0x00000007
[19:12:02.354]  </debugvars>
[19:12:02.354]  
[19:12:02.354]  <sequence name="DebugDeviceUnlock" Pname="" disable="false" info="">
[19:12:02.354]    <block atomic="false" info="">
[19:12:02.354]      Sequence("CheckID");
[19:12:02.354]        <sequence name="CheckID" Pname="" disable="false" info="">
[19:12:02.356]          <block atomic="false" info="">
[19:12:02.356]            __var pidr1 = 0;
[19:12:02.356]              // -> [pidr1 <= 0x00000000]
[19:12:02.356]            __var pidr2 = 0;
[19:12:02.356]              // -> [pidr2 <= 0x00000000]
[19:12:02.356]            __var jep106id = 0;
[19:12:02.356]              // -> [jep106id <= 0x00000000]
[19:12:02.356]            __var ROMTableBase = 0;
[19:12:02.356]              // -> [ROMTableBase <= 0x00000000]
[19:12:02.356]            __ap = 0;      // AHB-AP
[19:12:02.356]              // -> [__ap <= 0x00000000]
[19:12:02.356]            ROMTableBase = ReadAP(0xF8) & ~0x3;
[19:12:02.356]              // -> [ReadAP(0x000000F8) => 0xE00FF003]   (__dp=0x00000000, __ap=0x00000000)
[19:12:02.356]              // -> [ROMTableBase <= 0xE00FF000]
[19:12:02.356]            pidr1 = Read32(ROMTableBase + 0x0FE4);
[19:12:02.358]              // -> [Read32(0xE00FFFE4) => 0x00000004]   (__dp=0x00000000, __ap=0x00000000)
[19:12:02.358]              // -> [pidr1 <= 0x00000004]
[19:12:02.358]            pidr2 = Read32(ROMTableBase + 0x0FE8);
[19:12:02.358]              // -> [Read32(0xE00FFFE8) => 0x0000000A]   (__dp=0x00000000, __ap=0x00000000)
[19:12:02.358]              // -> [pidr2 <= 0x0000000A]
[19:12:02.358]            jep106id = ((pidr2 & 0x7) << 4 ) | ((pidr1 >> 4) & 0xF);
[19:12:02.358]              // -> [jep106id <= 0x00000020]
[19:12:02.360]          </block>
[19:12:02.360]          <control if="jep106id != 0x20" while="" timeout="0" info="">
[19:12:02.360]            // if-block "jep106id != 0x20"
[19:12:02.360]              // =>  FALSE
[19:12:02.360]            // skip if-block "jep106id != 0x20"
[19:12:02.360]          </control>
[19:12:02.360]        </sequence>
[19:12:02.360]    </block>
[19:12:02.360]  </sequence>
[19:12:02.360]  
[19:12:02.360]  **********  Sequence "DebugCoreStart"  (Context="Target Access", Pname="", info="")
[19:12:02.360]  
[19:12:02.361]  <debugvars>
[19:12:02.361]    // Pre-defined
[19:12:02.361]    __protocol=0x00010002      (Protocol="SWD", SWJ-DP="True")
[19:12:02.361]    __connection=0x00000202    (Connection Type="Flash", Reset Type="System Reset")
[19:12:02.361]    __dp=0x00000000
[19:12:02.361]    __ap=0x00000000
[19:12:02.361]    __traceout=0x00000000      (Trace Disabled)
[19:12:02.361]    __errorcontrol=0x00000000  (Skip Errors="False")
[19:12:02.361]    __FlashAddr=0x00000000
[19:12:02.361]    __FlashLen=0x00000000
[19:12:02.361]    __FlashArg=0x00000000
[19:12:02.362]    __FlashOp=0x00000000
[19:12:02.362]    __Result=0x00000000
[19:12:02.362]    
[19:12:02.362]    // User-defined
[19:12:02.362]    DbgMCU_CR=0x00000007
[19:12:02.362]  </debugvars>
[19:12:02.362]  
[19:12:02.362]  <sequence name="DebugCoreStart" Pname="" disable="false" info="">
[19:12:02.362]    <block atomic="false" info="">
[19:12:02.362]      Write32(0xE000EDF0, 0xA05F0001);                                        // Enable Core Debug via DHCSR
[19:12:02.362]        // -> [Write32(0xE000EDF0, 0xA05F0001)]   (__dp=0x00000000, __ap=0x00000000)
[19:12:02.362]      Write32(0xE0042004, DbgMCU_CR);                                         // DBGMCU_CR: Configure MCU Debug
[19:12:02.362]        // -> [Write32(0xE0042004, 0x00000007)]   (__dp=0x00000000, __ap=0x00000000)
[19:12:02.362]    </block>
[19:12:02.362]  </sequence>
[19:12:02.362]  
[19:12:16.866]  **********  Sequence "DebugDeviceUnlock"  (Context="Target Access", Pname="", info="")
[19:12:16.866]  
[19:12:16.866]  <debugvars>
[19:12:16.867]    // Pre-defined
[19:12:16.867]    __protocol=0x00010002      (Protocol="SWD", SWJ-DP="True")
[19:12:16.867]    __connection=0x00000202    (Connection Type="Flash", Reset Type="System Reset")
[19:12:16.867]    __dp=0x00000000
[19:12:16.867]    __ap=0x00000000
[19:12:16.867]    __traceout=0x00000000      (Trace Disabled)
[19:12:16.867]    __errorcontrol=0x00000000  (Skip Errors="False")
[19:12:16.867]    __FlashAddr=0x00000000
[19:12:16.867]    __FlashLen=0x00000000
[19:12:16.867]    __FlashArg=0x00000000
[19:12:16.867]    __FlashOp=0x00000000
[19:12:16.867]    __Result=0x00000000
[19:12:16.867]    
[19:12:16.867]    // User-defined
[19:12:16.867]    DbgMCU_CR=0x00000007
[19:12:16.867]  </debugvars>
[19:12:16.867]  
[19:12:16.867]  <sequence name="DebugDeviceUnlock" Pname="" disable="false" info="">
[19:12:16.867]    <block atomic="false" info="">
[19:12:16.867]      Sequence("CheckID");
[19:12:16.867]        <sequence name="CheckID" Pname="" disable="false" info="">
[19:12:16.867]          <block atomic="false" info="">
[19:12:16.867]            __var pidr1 = 0;
[19:12:16.867]              // -> [pidr1 <= 0x00000000]
[19:12:16.867]            __var pidr2 = 0;
[19:12:16.867]              // -> [pidr2 <= 0x00000000]
[19:12:16.867]            __var jep106id = 0;
[19:12:16.867]              // -> [jep106id <= 0x00000000]
[19:12:16.867]            __var ROMTableBase = 0;
[19:12:16.867]              // -> [ROMTableBase <= 0x00000000]
[19:12:16.867]            __ap = 0;      // AHB-AP
[19:12:16.867]              // -> [__ap <= 0x00000000]
[19:12:16.867]            ROMTableBase = ReadAP(0xF8) & ~0x3;
[19:12:16.870]              // -> [ReadAP(0x000000F8) => 0xE00FF003]   (__dp=0x00000000, __ap=0x00000000)
[19:12:16.870]              // -> [ROMTableBase <= 0xE00FF000]
[19:12:16.871]            pidr1 = Read32(ROMTableBase + 0x0FE4);
[19:12:16.871]              // -> [Read32(0xE00FFFE4) => 0x00000004]   (__dp=0x00000000, __ap=0x00000000)
[19:12:16.871]              // -> [pidr1 <= 0x00000004]
[19:12:16.871]            pidr2 = Read32(ROMTableBase + 0x0FE8);
[19:12:16.871]              // -> [Read32(0xE00FFFE8) => 0x0000000A]   (__dp=0x00000000, __ap=0x00000000)
[19:12:16.871]              // -> [pidr2 <= 0x0000000A]
[19:12:16.871]            jep106id = ((pidr2 & 0x7) << 4 ) | ((pidr1 >> 4) & 0xF);
[19:12:16.871]              // -> [jep106id <= 0x00000020]
[19:12:16.871]          </block>
[19:12:16.871]          <control if="jep106id != 0x20" while="" timeout="0" info="">
[19:12:16.871]            // if-block "jep106id != 0x20"
[19:12:16.871]              // =>  FALSE
[19:12:16.871]            // skip if-block "jep106id != 0x20"
[19:12:16.871]          </control>
[19:12:16.871]        </sequence>
[19:12:16.871]    </block>
[19:12:16.871]  </sequence>
[19:12:16.871]  
[19:12:16.871]  **********  Sequence "DebugCoreStart"  (Context="Target Access", Pname="", info="")
[19:12:16.871]  
[19:12:16.871]  <debugvars>
[19:12:16.871]    // Pre-defined
[19:12:16.871]    __protocol=0x00010002      (Protocol="SWD", SWJ-DP="True")
[19:12:16.871]    __connection=0x00000202    (Connection Type="Flash", Reset Type="System Reset")
[19:12:16.871]    __dp=0x00000000
[19:12:16.871]    __ap=0x00000000
[19:12:16.871]    __traceout=0x00000000      (Trace Disabled)
[19:12:16.871]    __errorcontrol=0x00000000  (Skip Errors="False")
[19:12:16.871]    __FlashAddr=0x00000000
[19:12:16.871]    __FlashLen=0x00000000
[19:12:16.871]    __FlashArg=0x00000000
[19:12:16.871]    __FlashOp=0x00000000
[19:12:16.871]    __Result=0x00000000
[19:12:16.871]    
[19:12:16.871]    // User-defined
[19:12:16.871]    DbgMCU_CR=0x00000007
[19:12:16.871]  </debugvars>
[19:12:16.871]  
[19:12:16.871]  <sequence name="DebugCoreStart" Pname="" disable="false" info="">
[19:12:16.871]    <block atomic="false" info="">
[19:12:16.871]      Write32(0xE000EDF0, 0xA05F0001);                                        // Enable Core Debug via DHCSR
[19:12:16.871]        // -> [Write32(0xE000EDF0, 0xA05F0001)]   (__dp=0x00000000, __ap=0x00000000)
[19:12:16.871]      Write32(0xE0042004, DbgMCU_CR);                                         // DBGMCU_CR: Configure MCU Debug
[19:12:16.871]        // -> [Write32(0xE0042004, 0x00000007)]   (__dp=0x00000000, __ap=0x00000000)
[19:12:16.871]    </block>
[19:12:16.871]  </sequence>
[19:12:16.871]  
[19:12:27.856]  **********  Sequence "DebugDeviceUnlock"  (Context="Target Access", Pname="", info="")
[19:12:27.856]  
[19:12:27.868]  <debugvars>
[19:12:27.868]    // Pre-defined
[19:12:27.868]    __protocol=0x00010002      (Protocol="SWD", SWJ-DP="True")
[19:12:27.868]    __connection=0x00000202    (Connection Type="Flash", Reset Type="System Reset")
[19:12:27.868]    __dp=0x00000000
[19:12:27.868]    __ap=0x00000000
[19:12:27.868]    __traceout=0x00000000      (Trace Disabled)
[19:12:27.868]    __errorcontrol=0x00000000  (Skip Errors="False")
[19:12:27.868]    __FlashAddr=0x00000000
[19:12:27.868]    __FlashLen=0x00000000
[19:12:27.868]    __FlashArg=0x00000000
[19:12:27.868]    __FlashOp=0x00000000
[19:12:27.868]    __Result=0x00000000
[19:12:27.868]    
[19:12:27.868]    // User-defined
[19:12:27.868]    DbgMCU_CR=0x00000007
[19:12:27.868]  </debugvars>
[19:12:27.868]  
[19:12:27.868]  <sequence name="DebugDeviceUnlock" Pname="" disable="false" info="">
[19:12:27.868]    <block atomic="false" info="">
[19:12:27.868]      Sequence("CheckID");
[19:12:27.868]        <sequence name="CheckID" Pname="" disable="false" info="">
[19:12:27.868]          <block atomic="false" info="">
[19:12:27.868]            __var pidr1 = 0;
[19:12:27.868]              // -> [pidr1 <= 0x00000000]
[19:12:27.868]            __var pidr2 = 0;
[19:12:27.868]              // -> [pidr2 <= 0x00000000]
[19:12:27.868]            __var jep106id = 0;
[19:12:27.868]              // -> [jep106id <= 0x00000000]
[19:12:27.868]            __var ROMTableBase = 0;
[19:12:27.868]              // -> [ROMTableBase <= 0x00000000]
[19:12:27.868]            __ap = 0;      // AHB-AP
[19:12:27.868]              // -> [__ap <= 0x00000000]
[19:12:27.868]            ROMTableBase = ReadAP(0xF8) & ~0x3;
[19:12:27.868]              // -> [ReadAP(0x000000F8) => 0xE00FF003]   (__dp=0x00000000, __ap=0x00000000)
[19:12:27.868]              // -> [ROMTableBase <= 0xE00FF000]
[19:12:27.868]            pidr1 = Read32(ROMTableBase + 0x0FE4);
[19:12:27.868]              // -> [Read32(0xE00FFFE4) => 0x00000004]   (__dp=0x00000000, __ap=0x00000000)
[19:12:27.868]              // -> [pidr1 <= 0x00000004]
[19:12:27.868]            pidr2 = Read32(ROMTableBase + 0x0FE8);
[19:12:27.868]              // -> [Read32(0xE00FFFE8) => 0x0000000A]   (__dp=0x00000000, __ap=0x00000000)
[19:12:27.868]              // -> [pidr2 <= 0x0000000A]
[19:12:27.868]            jep106id = ((pidr2 & 0x7) << 4 ) | ((pidr1 >> 4) & 0xF);
[19:12:27.868]              // -> [jep106id <= 0x00000020]
[19:12:27.868]          </block>
[19:12:27.868]          <control if="jep106id != 0x20" while="" timeout="0" info="">
[19:12:27.868]            // if-block "jep106id != 0x20"
[19:12:27.868]              // =>  FALSE
[19:12:27.868]            // skip if-block "jep106id != 0x20"
[19:12:27.868]          </control>
[19:12:27.868]        </sequence>
[19:12:27.868]    </block>
[19:12:27.868]  </sequence>
[19:12:27.868]  
[19:12:27.868]  **********  Sequence "DebugCoreStart"  (Context="Target Access", Pname="", info="")
[19:12:27.868]  
[19:12:27.868]  <debugvars>
[19:12:27.868]    // Pre-defined
[19:12:27.868]    __protocol=0x00010002      (Protocol="SWD", SWJ-DP="True")
[19:12:27.868]    __connection=0x00000202    (Connection Type="Flash", Reset Type="System Reset")
[19:12:27.868]    __dp=0x00000000
[19:12:27.868]    __ap=0x00000000
[19:12:27.868]    __traceout=0x00000000      (Trace Disabled)
[19:12:27.868]    __errorcontrol=0x00000000  (Skip Errors="False")
[19:12:27.868]    __FlashAddr=0x00000000
[19:12:27.877]    __FlashLen=0x00000000
[19:12:27.877]    __FlashArg=0x00000000
[19:12:27.877]    __FlashOp=0x00000000
[19:12:27.877]    __Result=0x00000000
[19:12:27.877]    
[19:12:27.877]    // User-defined
[19:12:27.877]    DbgMCU_CR=0x00000007
[19:12:27.877]  </debugvars>
[19:12:27.877]  
[19:12:27.877]  <sequence name="DebugCoreStart" Pname="" disable="false" info="">
[19:12:27.877]    <block atomic="false" info="">
[19:12:27.877]      Write32(0xE000EDF0, 0xA05F0001);                                        // Enable Core Debug via DHCSR
[19:12:27.877]        // -> [Write32(0xE000EDF0, 0xA05F0001)]   (__dp=0x00000000, __ap=0x00000000)
[19:12:27.877]      Write32(0xE0042004, DbgMCU_CR);                                         // DBGMCU_CR: Configure MCU Debug
[19:12:27.877]        // -> [Write32(0xE0042004, 0x00000007)]   (__dp=0x00000000, __ap=0x00000000)
[19:12:27.877]    </block>
[19:12:27.877]  </sequence>
[19:12:27.877]  
[19:12:38.827]  **********  Sequence "DebugDeviceUnlock"  (Context="Target Access", Pname="", info="")
[19:12:38.827]  
[19:12:38.841]  <debugvars>
[19:12:38.841]    // Pre-defined
[19:12:38.841]    __protocol=0x00010002      (Protocol="SWD", SWJ-DP="True")
[19:12:38.841]    __connection=0x00000202    (Connection Type="Flash", Reset Type="System Reset")
[19:12:38.841]    __dp=0x00000000
[19:12:38.841]    __ap=0x00000000
[19:12:38.841]    __traceout=0x00000000      (Trace Disabled)
[19:12:38.841]    __errorcontrol=0x00000000  (Skip Errors="False")
[19:12:38.841]    __FlashAddr=0x00000000
[19:12:38.841]    __FlashLen=0x00000000
[19:12:38.841]    __FlashArg=0x00000000
[19:12:38.841]    __FlashOp=0x00000000
[19:12:38.841]    __Result=0x00000000
[19:12:38.841]    
[19:12:38.841]    // User-defined
[19:12:38.841]    DbgMCU_CR=0x00000007
[19:12:38.841]  </debugvars>
[19:12:38.841]  
[19:12:38.841]  <sequence name="DebugDeviceUnlock" Pname="" disable="false" info="">
[19:12:38.841]    <block atomic="false" info="">
[19:12:38.841]      Sequence("CheckID");
[19:12:38.841]        <sequence name="CheckID" Pname="" disable="false" info="">
[19:12:38.841]          <block atomic="false" info="">
[19:12:38.841]            __var pidr1 = 0;
[19:12:38.841]              // -> [pidr1 <= 0x00000000]
[19:12:38.841]            __var pidr2 = 0;
[19:12:38.841]              // -> [pidr2 <= 0x00000000]
[19:12:38.841]            __var jep106id = 0;
[19:12:38.841]              // -> [jep106id <= 0x00000000]
[19:12:38.841]            __var ROMTableBase = 0;
[19:12:38.841]              // -> [ROMTableBase <= 0x00000000]
[19:12:38.841]            __ap = 0;      // AHB-AP
[19:12:38.841]              // -> [__ap <= 0x00000000]
[19:12:38.841]            ROMTableBase = ReadAP(0xF8) & ~0x3;
[19:12:38.841]              // -> [ReadAP(0x000000F8) => 0xE00FF003]   (__dp=0x00000000, __ap=0x00000000)
[19:12:38.841]              // -> [ROMTableBase <= 0xE00FF000]
[19:12:38.841]            pidr1 = Read32(ROMTableBase + 0x0FE4);
[19:12:38.841]              // -> [Read32(0xE00FFFE4) => 0x00000004]   (__dp=0x00000000, __ap=0x00000000)
[19:12:38.841]              // -> [pidr1 <= 0x00000004]
[19:12:38.841]            pidr2 = Read32(ROMTableBase + 0x0FE8);
[19:12:38.846]              // -> [Read32(0xE00FFFE8) => 0x0000000A]   (__dp=0x00000000, __ap=0x00000000)
[19:12:38.846]              // -> [pidr2 <= 0x0000000A]
[19:12:38.846]            jep106id = ((pidr2 & 0x7) << 4 ) | ((pidr1 >> 4) & 0xF);
[19:12:38.846]              // -> [jep106id <= 0x00000020]
[19:12:38.846]          </block>
[19:12:38.846]          <control if="jep106id != 0x20" while="" timeout="0" info="">
[19:12:38.846]            // if-block "jep106id != 0x20"
[19:12:38.846]              // =>  FALSE
[19:12:38.846]            // skip if-block "jep106id != 0x20"
[19:12:38.846]          </control>
[19:12:38.846]        </sequence>
[19:12:38.846]    </block>
[19:12:38.846]  </sequence>
[19:12:38.846]  
[19:12:38.848]  **********  Sequence "DebugCoreStart"  (Context="Target Access", Pname="", info="")
[19:12:38.848]  
[19:12:38.848]  <debugvars>
[19:12:38.848]    // Pre-defined
[19:12:38.848]    __protocol=0x00010002      (Protocol="SWD", SWJ-DP="True")
[19:12:38.848]    __connection=0x00000202    (Connection Type="Flash", Reset Type="System Reset")
[19:12:38.848]    __dp=0x00000000
[19:12:38.848]    __ap=0x00000000
[19:12:38.848]    __traceout=0x00000000      (Trace Disabled)
[19:12:38.848]    __errorcontrol=0x00000000  (Skip Errors="False")
[19:12:38.848]    __FlashAddr=0x00000000
[19:12:38.848]    __FlashLen=0x00000000
[19:12:38.848]    __FlashArg=0x00000000
[19:12:38.848]    __FlashOp=0x00000000
[19:12:38.848]    __Result=0x00000000
[19:12:38.848]    
[19:12:38.848]    // User-defined
[19:12:38.848]    DbgMCU_CR=0x00000007
[19:12:38.848]  </debugvars>
[19:12:38.848]  
[19:12:38.848]  <sequence name="DebugCoreStart" Pname="" disable="false" info="">
[19:12:38.848]    <block atomic="false" info="">
[19:12:38.848]      Write32(0xE000EDF0, 0xA05F0001);                                        // Enable Core Debug via DHCSR
[19:12:38.848]        // -> [Write32(0xE000EDF0, 0xA05F0001)]   (__dp=0x00000000, __ap=0x00000000)
[19:12:38.848]      Write32(0xE0042004, DbgMCU_CR);                                         // DBGMCU_CR: Configure MCU Debug
[19:12:38.848]        // -> [Write32(0xE0042004, 0x00000007)]   (__dp=0x00000000, __ap=0x00000000)
[19:12:38.848]    </block>
[19:12:38.848]  </sequence>
[19:12:38.848]  
[19:13:30.128]  **********  Sequence "DebugDeviceUnlock"  (Context="Target Access", Pname="", info="")
[19:13:30.128]  
[19:13:30.143]  <debugvars>
[19:13:30.143]    // Pre-defined
[19:13:30.143]    __protocol=0x00010002      (Protocol="SWD", SWJ-DP="True")
[19:13:30.143]    __connection=0x00000202    (Connection Type="Flash", Reset Type="System Reset")
[19:13:30.143]    __dp=0x00000000
[19:13:30.143]    __ap=0x00000000
[19:13:30.143]    __traceout=0x00000000      (Trace Disabled)
[19:13:30.143]    __errorcontrol=0x00000000  (Skip Errors="False")
[19:13:30.143]    __FlashAddr=0x00000000
[19:13:30.143]    __FlashLen=0x00000000
[19:13:30.143]    __FlashArg=0x00000000
[19:13:30.143]    __FlashOp=0x00000000
[19:13:30.143]    __Result=0x00000000
[19:13:30.143]    
[19:13:30.143]    // User-defined
[19:13:30.143]    DbgMCU_CR=0x00000007
[19:13:30.143]  </debugvars>
[19:13:30.143]  
[19:13:30.143]  <sequence name="DebugDeviceUnlock" Pname="" disable="false" info="">
[19:13:30.143]    <block atomic="false" info="">
[19:13:30.143]      Sequence("CheckID");
[19:13:30.143]        <sequence name="CheckID" Pname="" disable="false" info="">
[19:13:30.143]          <block atomic="false" info="">
[19:13:30.143]            __var pidr1 = 0;
[19:13:30.143]              // -> [pidr1 <= 0x00000000]
[19:13:30.143]            __var pidr2 = 0;
[19:13:30.143]              // -> [pidr2 <= 0x00000000]
[19:13:30.143]            __var jep106id = 0;
[19:13:30.143]              // -> [jep106id <= 0x00000000]
[19:13:30.143]            __var ROMTableBase = 0;
[19:13:30.143]              // -> [ROMTableBase <= 0x00000000]
[19:13:30.143]            __ap = 0;      // AHB-AP
[19:13:30.143]              // -> [__ap <= 0x00000000]
[19:13:30.143]            ROMTableBase = ReadAP(0xF8) & ~0x3;
[19:13:30.143]              // -> [ReadAP(0x000000F8) => 0xE00FF003]   (__dp=0x00000000, __ap=0x00000000)
[19:13:30.143]              // -> [ROMTableBase <= 0xE00FF000]
[19:13:30.143]            pidr1 = Read32(ROMTableBase + 0x0FE4);
[19:13:30.143]              // -> [Read32(0xE00FFFE4) => 0x00000004]   (__dp=0x00000000, __ap=0x00000000)
[19:13:30.149]              // -> [pidr1 <= 0x00000004]
[19:13:30.149]            pidr2 = Read32(ROMTableBase + 0x0FE8);
[19:13:30.149]              // -> [Read32(0xE00FFFE8) => 0x0000000A]   (__dp=0x00000000, __ap=0x00000000)
[19:13:30.149]              // -> [pidr2 <= 0x0000000A]
[19:13:30.149]            jep106id = ((pidr2 & 0x7) << 4 ) | ((pidr1 >> 4) & 0xF);
[19:13:30.150]              // -> [jep106id <= 0x00000020]
[19:13:30.150]          </block>
[19:13:30.150]          <control if="jep106id != 0x20" while="" timeout="0" info="">
[19:13:30.150]            // if-block "jep106id != 0x20"
[19:13:30.150]              // =>  FALSE
[19:13:30.150]            // skip if-block "jep106id != 0x20"
[19:13:30.150]          </control>
[19:13:30.150]        </sequence>
[19:13:30.150]    </block>
[19:13:30.150]  </sequence>
[19:13:30.150]  
[19:13:30.150]  **********  Sequence "DebugCoreStart"  (Context="Target Access", Pname="", info="")
[19:13:30.150]  
[19:13:30.150]  <debugvars>
[19:13:30.150]    // Pre-defined
[19:13:30.150]    __protocol=0x00010002      (Protocol="SWD", SWJ-DP="True")
[19:13:30.150]    __connection=0x00000202    (Connection Type="Flash", Reset Type="System Reset")
[19:13:30.150]    __dp=0x00000000
[19:13:30.150]    __ap=0x00000000
[19:13:30.150]    __traceout=0x00000000      (Trace Disabled)
[19:13:30.150]    __errorcontrol=0x00000000  (Skip Errors="False")
[19:13:30.150]    __FlashAddr=0x00000000
[19:13:30.150]    __FlashLen=0x00000000
[19:13:30.150]    __FlashArg=0x00000000
[19:13:30.150]    __FlashOp=0x00000000
[19:13:30.150]    __Result=0x00000000
[19:13:30.150]    
[19:13:30.150]    // User-defined
[19:13:30.150]    DbgMCU_CR=0x00000007
[19:13:30.150]  </debugvars>
[19:13:30.150]  
[19:13:30.150]  <sequence name="DebugCoreStart" Pname="" disable="false" info="">
[19:13:30.150]    <block atomic="false" info="">
[19:13:30.150]      Write32(0xE000EDF0, 0xA05F0001);                                        // Enable Core Debug via DHCSR
[19:13:30.150]        // -> [Write32(0xE000EDF0, 0xA05F0001)]   (__dp=0x00000000, __ap=0x00000000)
[19:13:30.150]      Write32(0xE0042004, DbgMCU_CR);                                         // DBGMCU_CR: Configure MCU Debug
[19:13:30.150]        // -> [Write32(0xE0042004, 0x00000007)]   (__dp=0x00000000, __ap=0x00000000)
[19:13:30.150]    </block>
[19:13:30.150]  </sequence>
[19:13:30.150]  
[19:13:37.860]  **********  Sequence "DebugDeviceUnlock"  (Context="Target Access", Pname="", info="")
[19:13:37.860]  
[19:13:37.865]  <debugvars>
[19:13:37.865]    // Pre-defined
[19:13:37.865]    __protocol=0x00010002      (Protocol="SWD", SWJ-DP="True")
[19:13:37.865]    __connection=0x00000202    (Connection Type="Flash", Reset Type="System Reset")
[19:13:37.865]    __dp=0x00000000
[19:13:37.865]    __ap=0x00000000
[19:13:37.865]    __traceout=0x00000000      (Trace Disabled)
[19:13:37.865]    __errorcontrol=0x00000000  (Skip Errors="False")
[19:13:37.865]    __FlashAddr=0x00000000
[19:13:37.865]    __FlashLen=0x00000000
[19:13:37.865]    __FlashArg=0x00000000
[19:13:37.865]    __FlashOp=0x00000000
[19:13:37.865]    __Result=0x00000000
[19:13:37.865]    
[19:13:37.865]    // User-defined
[19:13:37.865]    DbgMCU_CR=0x00000007
[19:13:37.865]  </debugvars>
[19:13:37.865]  
[19:13:37.865]  <sequence name="DebugDeviceUnlock" Pname="" disable="false" info="">
[19:13:37.865]    <block atomic="false" info="">
[19:13:37.865]      Sequence("CheckID");
[19:13:37.865]        <sequence name="CheckID" Pname="" disable="false" info="">
[19:13:37.865]          <block atomic="false" info="">
[19:13:37.865]            __var pidr1 = 0;
[19:13:37.865]              // -> [pidr1 <= 0x00000000]
[19:13:37.865]            __var pidr2 = 0;
[19:13:37.865]              // -> [pidr2 <= 0x00000000]
[19:13:37.865]            __var jep106id = 0;
[19:13:37.865]              // -> [jep106id <= 0x00000000]
[19:13:37.865]            __var ROMTableBase = 0;
[19:13:37.865]              // -> [ROMTableBase <= 0x00000000]
[19:13:37.865]            __ap = 0;      // AHB-AP
[19:13:37.865]              // -> [__ap <= 0x00000000]
[19:13:37.865]            ROMTableBase = ReadAP(0xF8) & ~0x3;
[19:13:37.865]              // -> [ReadAP(0x000000F8) => 0xE00FF003]   (__dp=0x00000000, __ap=0x00000000)
[19:13:37.865]              // -> [ROMTableBase <= 0xE00FF000]
[19:13:37.865]            pidr1 = Read32(ROMTableBase + 0x0FE4);
[19:13:37.865]              // -> [Read32(0xE00FFFE4) => 0x00000004]   (__dp=0x00000000, __ap=0x00000000)
[19:13:37.865]              // -> [pidr1 <= 0x00000004]
[19:13:37.865]            pidr2 = Read32(ROMTableBase + 0x0FE8);
[19:13:37.865]              // -> [Read32(0xE00FFFE8) => 0x0000000A]   (__dp=0x00000000, __ap=0x00000000)
[19:13:37.865]              // -> [pidr2 <= 0x0000000A]
[19:13:37.865]            jep106id = ((pidr2 & 0x7) << 4 ) | ((pidr1 >> 4) & 0xF);
[19:13:37.865]              // -> [jep106id <= 0x00000020]
[19:13:37.865]          </block>
[19:13:37.865]          <control if="jep106id != 0x20" while="" timeout="0" info="">
[19:13:37.870]            // if-block "jep106id != 0x20"
[19:13:37.870]              // =>  FALSE
[19:13:37.871]            // skip if-block "jep106id != 0x20"
[19:13:37.871]          </control>
[19:13:37.871]        </sequence>
[19:13:37.871]    </block>
[19:13:37.871]  </sequence>
[19:13:37.871]  
[19:13:37.871]  **********  Sequence "DebugCoreStart"  (Context="Target Access", Pname="", info="")
[19:13:37.871]  
[19:13:37.871]  <debugvars>
[19:13:37.871]    // Pre-defined
[19:13:37.871]    __protocol=0x00010002      (Protocol="SWD", SWJ-DP="True")
[19:13:37.871]    __connection=0x00000202    (Connection Type="Flash", Reset Type="System Reset")
[19:13:37.871]    __dp=0x00000000
[19:13:37.871]    __ap=0x00000000
[19:13:37.871]    __traceout=0x00000000      (Trace Disabled)
[19:13:37.871]    __errorcontrol=0x00000000  (Skip Errors="False")
[19:13:37.871]    __FlashAddr=0x00000000
[19:13:37.871]    __FlashLen=0x00000000
[19:13:37.871]    __FlashArg=0x00000000
[19:13:37.871]    __FlashOp=0x00000000
[19:13:37.871]    __Result=0x00000000
[19:13:37.871]    
[19:13:37.871]    // User-defined
[19:13:37.871]    DbgMCU_CR=0x00000007
[19:13:37.871]  </debugvars>
[19:13:37.871]  
[19:13:37.871]  <sequence name="DebugCoreStart" Pname="" disable="false" info="">
[19:13:37.871]    <block atomic="false" info="">
[19:13:37.871]      Write32(0xE000EDF0, 0xA05F0001);                                        // Enable Core Debug via DHCSR
[19:13:37.874]        // -> [Write32(0xE000EDF0, 0xA05F0001)]   (__dp=0x00000000, __ap=0x00000000)
[19:13:37.874]      Write32(0xE0042004, DbgMCU_CR);                                         // DBGMCU_CR: Configure MCU Debug
[19:13:37.874]        // -> [Write32(0xE0042004, 0x00000007)]   (__dp=0x00000000, __ap=0x00000000)
[19:13:37.874]    </block>
[19:13:37.874]  </sequence>
[19:13:37.874]  
