/*
 *  CMSIS Pack Debug Access Sequence Log
 *  File        : C:\Users\zayam\Desktop\s\stm32f103c8\sdk_2025\sdk2025_Sequences_0033.log
 *  Created     : 23:45:55 (26/05/2025)
 *  Device      : STM32F103C8
 *  PDSC File   : C:/Users/zayam/AppData/Local/Arm/Packs/Keil/STM32F1xx_DFP/2.4.1/Keil.STM32F1xx_DFP.pdsc
 *  Config File : C:\Users\zayam\Desktop\s\stm32f103c8\sdk_2025\DebugConfig\sdk_STM32F103C8_1.0.0.dbgconf
 *
 */

[23:45:55.490]  **********  Sequence "DebugDeviceUnlock"  (Context="Target Access", Pname="", info="")
[23:45:55.490]  
[23:45:55.490]  <debugvars>
[23:45:55.491]    // Pre-defined
[23:45:55.491]    __protocol=0x00010002      (Protocol="SWD", SWJ-DP="True")
[23:45:55.491]    __connection=0x00000202    (Connection Type="Flash", Reset Type="System Reset")
[23:45:55.491]    __dp=0x00000000
[23:45:55.491]    __ap=0x00000000
[23:45:55.491]    __traceout=0x00000000      (Trace Disabled)
[23:45:55.491]    __errorcontrol=0x00000000  (Skip Errors="False")
[23:45:55.491]    __FlashAddr=0x00000000
[23:45:55.491]    __FlashLen=0x00000000
[23:45:55.491]    __FlashArg=0x00000000
[23:45:55.491]    __FlashOp=0x00000000
[23:45:55.491]    __Result=0x00000000
[23:45:55.491]    
[23:45:55.491]    // User-defined
[23:45:55.491]    DbgMCU_CR=0x00000007
[23:45:55.491]  </debugvars>
[23:45:55.491]  
[23:45:55.491]  <sequence name="DebugDeviceUnlock" Pname="" disable="false" info="">
[23:45:55.491]    <block atomic="false" info="">
[23:45:55.491]      Sequence("CheckID");
[23:45:55.491]        <sequence name="CheckID" Pname="" disable="false" info="">
[23:45:55.491]          <block atomic="false" info="">
[23:45:55.491]            __var pidr1 = 0;
[23:45:55.491]              // -> [pidr1 <= 0x00000000]
[23:45:55.491]            __var pidr2 = 0;
[23:45:55.491]              // -> [pidr2 <= 0x00000000]
[23:45:55.491]            __var jep106id = 0;
[23:45:55.491]              // -> [jep106id <= 0x00000000]
[23:45:55.491]            __var ROMTableBase = 0;
[23:45:55.491]              // -> [ROMTableBase <= 0x00000000]
[23:45:55.491]            __ap = 0;      // AHB-AP
[23:45:55.491]              // -> [__ap <= 0x00000000]
[23:45:55.491]            ROMTableBase = ReadAP(0xF8) & ~0x3;
[23:45:55.491]              // -> [ReadAP(0x000000F8) => 0xE00FF003]   (__dp=0x00000000, __ap=0x00000000)
[23:45:55.491]              // -> [ROMTableBase <= 0xE00FF000]
[23:45:55.491]            pidr1 = Read32(ROMTableBase + 0x0FE4);
[23:45:55.496]              // -> [Read32(0xE00FFFE4) => 0x00000004]   (__dp=0x00000000, __ap=0x00000000)
[23:45:55.496]              // -> [pidr1 <= 0x00000004]
[23:45:55.496]            pidr2 = Read32(ROMTableBase + 0x0FE8);
[23:45:55.496]              // -> [Read32(0xE00FFFE8) => 0x0000000A]   (__dp=0x00000000, __ap=0x00000000)
[23:45:55.496]              // -> [pidr2 <= 0x0000000A]
[23:45:55.496]            jep106id = ((pidr2 & 0x7) << 4 ) | ((pidr1 >> 4) & 0xF);
[23:45:55.496]              // -> [jep106id <= 0x00000020]
[23:45:55.496]          </block>
[23:45:55.496]          <control if="jep106id != 0x20" while="" timeout="0" info="">
[23:45:55.496]            // if-block "jep106id != 0x20"
[23:45:55.498]              // =>  FALSE
[23:45:55.498]            // skip if-block "jep106id != 0x20"
[23:45:55.498]          </control>
[23:45:55.498]        </sequence>
[23:45:55.498]    </block>
[23:45:55.498]  </sequence>
[23:45:55.498]  
[23:45:55.498]  **********  Sequence "DebugCoreStart"  (Context="Target Access", Pname="", info="")
[23:45:55.498]  
[23:45:55.498]  <debugvars>
[23:45:55.498]    // Pre-defined
[23:45:55.498]    __protocol=0x00010002      (Protocol="SWD", SWJ-DP="True")
[23:45:55.498]    __connection=0x00000202    (Connection Type="Flash", Reset Type="System Reset")
[23:45:55.498]    __dp=0x00000000
[23:45:55.498]    __ap=0x00000000
[23:45:55.498]    __traceout=0x00000000      (Trace Disabled)
[23:45:55.498]    __errorcontrol=0x00000000  (Skip Errors="False")
[23:45:55.498]    __FlashAddr=0x00000000
[23:45:55.498]    __FlashLen=0x00000000
[23:45:55.498]    __FlashArg=0x00000000
[23:45:55.498]    __FlashOp=0x00000000
[23:45:55.498]    __Result=0x00000000
[23:45:55.498]    
[23:45:55.498]    // User-defined
[23:45:55.498]    DbgMCU_CR=0x00000007
[23:45:55.498]  </debugvars>
[23:45:55.498]  
[23:45:55.498]  <sequence name="DebugCoreStart" Pname="" disable="false" info="">
[23:45:55.498]    <block atomic="false" info="">
[23:45:55.498]      Write32(0xE000EDF0, 0xA05F0001);                                        // Enable Core Debug via DHCSR
[23:45:55.498]        // -> [Write32(0xE000EDF0, 0xA05F0001)]   (__dp=0x00000000, __ap=0x00000000)
[23:45:55.498]      Write32(0xE0042004, DbgMCU_CR);                                         // DBGMCU_CR: Configure MCU Debug
[23:45:55.498]        // -> [Write32(0xE0042004, 0x00000007)]   (__dp=0x00000000, __ap=0x00000000)
[23:45:55.498]    </block>
[23:45:55.498]  </sequence>
[23:45:55.498]  
[23:45:56.448]  **********  Sequence "DebugDeviceUnlock"  (Context="Target Access", Pname="", info="")
[23:45:56.448]  
[23:45:56.448]  <debugvars>
[23:45:56.448]    // Pre-defined
[23:45:56.448]    __protocol=0x00010002      (Protocol="SWD", SWJ-DP="True")
[23:45:56.448]    __connection=0x00000201    (Connection Type="Debug", Reset Type="System Reset")
[23:45:56.448]    __dp=0x00000000
[23:45:56.448]    __ap=0x00000000
[23:45:56.449]    __traceout=0x00000000      (Trace Disabled)
[23:45:56.449]    __errorcontrol=0x00000000  (Skip Errors="False")
[23:45:56.449]    __FlashAddr=0x00000000
[23:45:56.449]    __FlashLen=0x00000000
[23:45:56.449]    __FlashArg=0x00000000
[23:45:56.449]    __FlashOp=0x00000000
[23:45:56.449]    __Result=0x00000000
[23:45:56.449]    
[23:45:56.449]    // User-defined
[23:45:56.449]    DbgMCU_CR=0x00000007
[23:45:56.449]  </debugvars>
[23:45:56.449]  
[23:45:56.449]  <sequence name="DebugDeviceUnlock" Pname="" disable="false" info="">
[23:45:56.449]    <block atomic="false" info="">
[23:45:56.449]      Sequence("CheckID");
[23:45:56.451]        <sequence name="CheckID" Pname="" disable="false" info="">
[23:45:56.451]          <block atomic="false" info="">
[23:45:56.451]            __var pidr1 = 0;
[23:45:56.451]              // -> [pidr1 <= 0x00000000]
[23:45:56.451]            __var pidr2 = 0;
[23:45:56.451]              // -> [pidr2 <= 0x00000000]
[23:45:56.451]            __var jep106id = 0;
[23:45:56.451]              // -> [jep106id <= 0x00000000]
[23:45:56.451]            __var ROMTableBase = 0;
[23:45:56.451]              // -> [ROMTableBase <= 0x00000000]
[23:45:56.451]            __ap = 0;      // AHB-AP
[23:45:56.451]              // -> [__ap <= 0x00000000]
[23:45:56.451]            ROMTableBase = ReadAP(0xF8) & ~0x3;
[23:45:56.451]              // -> [ReadAP(0x000000F8) => 0xE00FF003]   (__dp=0x00000000, __ap=0x00000000)
[23:45:56.451]              // -> [ROMTableBase <= 0xE00FF000]
[23:45:56.454]            pidr1 = Read32(ROMTableBase + 0x0FE4);
[23:45:56.454]              // -> [Read32(0xE00FFFE4) => 0x00000004]   (__dp=0x00000000, __ap=0x00000000)
[23:45:56.454]              // -> [pidr1 <= 0x00000004]
[23:45:56.454]            pidr2 = Read32(ROMTableBase + 0x0FE8);
[23:45:56.455]              // -> [Read32(0xE00FFFE8) => 0x0000000A]   (__dp=0x00000000, __ap=0x00000000)
[23:45:56.455]              // -> [pidr2 <= 0x0000000A]
[23:45:56.455]            jep106id = ((pidr2 & 0x7) << 4 ) | ((pidr1 >> 4) & 0xF);
[23:45:56.455]              // -> [jep106id <= 0x00000020]
[23:45:56.455]          </block>
[23:45:56.455]          <control if="jep106id != 0x20" while="" timeout="0" info="">
[23:45:56.455]            // if-block "jep106id != 0x20"
[23:45:56.455]              // =>  FALSE
[23:45:56.455]            // skip if-block "jep106id != 0x20"
[23:45:56.455]          </control>
[23:45:56.456]        </sequence>
[23:45:56.456]    </block>
[23:45:56.456]  </sequence>
[23:45:56.456]  
[23:45:56.456]  **********  Sequence "DebugCoreStart"  (Context="Target Access", Pname="", info="")
[23:45:56.456]  
[23:45:56.456]  <debugvars>
[23:45:56.456]    // Pre-defined
[23:45:56.456]    __protocol=0x00010002      (Protocol="SWD", SWJ-DP="True")
[23:45:56.456]    __connection=0x00000201    (Connection Type="Debug", Reset Type="System Reset")
[23:45:56.456]    __dp=0x00000000
[23:45:56.456]    __ap=0x00000000
[23:45:56.456]    __traceout=0x00000000      (Trace Disabled)
[23:45:56.456]    __errorcontrol=0x00000000  (Skip Errors="False")
[23:45:56.456]    __FlashAddr=0x00000000
[23:45:56.456]    __FlashLen=0x00000000
[23:45:56.456]    __FlashArg=0x00000000
[23:45:56.456]    __FlashOp=0x00000000
[23:45:56.456]    __Result=0x00000000
[23:45:56.456]    
[23:45:56.456]    // User-defined
[23:45:56.456]    DbgMCU_CR=0x00000007
[23:45:56.456]  </debugvars>
[23:45:56.456]  
[23:45:56.456]  <sequence name="DebugCoreStart" Pname="" disable="false" info="">
[23:45:56.456]    <block atomic="false" info="">
[23:45:56.456]      Write32(0xE000EDF0, 0xA05F0001);                                        // Enable Core Debug via DHCSR
[23:45:56.461]        // -> [Write32(0xE000EDF0, 0xA05F0001)]   (__dp=0x00000000, __ap=0x00000000)
[23:45:56.461]      Write32(0xE0042004, DbgMCU_CR);                                         // DBGMCU_CR: Configure MCU Debug
[23:45:56.461]        // -> [Write32(0xE0042004, 0x00000007)]   (__dp=0x00000000, __ap=0x00000000)
[23:45:56.461]    </block>
[23:45:56.461]  </sequence>
[23:45:56.461]  
[23:52:06.374]  **********  Sequence "DebugDeviceUnlock"  (Context="Target Access", Pname="", info="")
[23:52:06.374]  
[23:52:06.392]  <debugvars>
[23:52:06.392]    // Pre-defined
[23:52:06.392]    __protocol=0x00010002      (Protocol="SWD", SWJ-DP="True")
[23:52:06.392]    __connection=0x00000201    (Connection Type="Debug", Reset Type="System Reset")
[23:52:06.392]    __dp=0x00000000
[23:52:06.392]    __ap=0x00000000
[23:52:06.392]    __traceout=0x00000000      (Trace Disabled)
[23:52:06.392]    __errorcontrol=0x00000000  (Skip Errors="False")
[23:52:06.392]    __FlashAddr=0x00000000
[23:52:06.392]    __FlashLen=0x00000000
[23:52:06.392]    __FlashArg=0x00000000
[23:52:06.392]    __FlashOp=0x00000000
[23:52:06.392]    __Result=0x00000000
[23:52:06.392]    
[23:52:06.392]    // User-defined
[23:52:06.392]    DbgMCU_CR=0x00000007
[23:52:06.392]  </debugvars>
[23:52:06.392]  
[23:52:06.392]  <sequence name="DebugDeviceUnlock" Pname="" disable="false" info="">
[23:52:06.392]    <block atomic="false" info="">
[23:52:06.392]      Sequence("CheckID");
[23:52:06.392]        <sequence name="CheckID" Pname="" disable="false" info="">
[23:52:06.392]          <block atomic="false" info="">
[23:52:06.392]            __var pidr1 = 0;
[23:52:06.392]              // -> [pidr1 <= 0x00000000]
[23:52:06.392]            __var pidr2 = 0;
[23:52:06.395]              // -> [pidr2 <= 0x00000000]
[23:52:06.395]            __var jep106id = 0;
[23:52:06.395]              // -> [jep106id <= 0x00000000]
[23:52:06.395]            __var ROMTableBase = 0;
[23:52:06.395]              // -> [ROMTableBase <= 0x00000000]
[23:52:06.395]            __ap = 0;      // AHB-AP
[23:52:06.395]              // -> [__ap <= 0x00000000]
[23:52:06.395]            ROMTableBase = ReadAP(0xF8) & ~0x3;
[23:52:06.395]              // -> [ReadAP(0x000000F8) => 0xE00FF003]   (__dp=0x00000000, __ap=0x00000000)
[23:52:06.395]              // -> [ROMTableBase <= 0xE00FF000]
[23:52:06.395]            pidr1 = Read32(ROMTableBase + 0x0FE4);
[23:52:06.395]              // -> [Read32(0xE00FFFE4) => 0x00000004]   (__dp=0x00000000, __ap=0x00000000)
[23:52:06.395]              // -> [pidr1 <= 0x00000004]
[23:52:06.395]            pidr2 = Read32(ROMTableBase + 0x0FE8);
[23:52:06.395]              // -> [Read32(0xE00FFFE8) => 0x0000000A]   (__dp=0x00000000, __ap=0x00000000)
[23:52:06.395]              // -> [pidr2 <= 0x0000000A]
[23:52:06.395]            jep106id = ((pidr2 & 0x7) << 4 ) | ((pidr1 >> 4) & 0xF);
[23:52:06.395]              // -> [jep106id <= 0x00000020]
[23:52:06.395]          </block>
[23:52:06.395]          <control if="jep106id != 0x20" while="" timeout="0" info="">
[23:52:06.395]            // if-block "jep106id != 0x20"
[23:52:06.395]              // =>  FALSE
[23:52:06.395]            // skip if-block "jep106id != 0x20"
[23:52:06.395]          </control>
[23:52:06.395]        </sequence>
[23:52:06.395]    </block>
[23:52:06.395]  </sequence>
[23:52:06.395]  
[23:52:06.395]  **********  Sequence "DebugCoreStart"  (Context="Target Access", Pname="", info="")
[23:52:06.395]  
[23:52:06.395]  <debugvars>
[23:52:06.395]    // Pre-defined
[23:52:06.395]    __protocol=0x00010002      (Protocol="SWD", SWJ-DP="True")
[23:52:06.395]    __connection=0x00000201    (Connection Type="Debug", Reset Type="System Reset")
[23:52:06.395]    __dp=0x00000000
[23:52:06.395]    __ap=0x00000000
[23:52:06.395]    __traceout=0x00000000      (Trace Disabled)
[23:52:06.395]    __errorcontrol=0x00000000  (Skip Errors="False")
[23:52:06.395]    __FlashAddr=0x00000000
[23:52:06.395]    __FlashLen=0x00000000
[23:52:06.395]    __FlashArg=0x00000000
[23:52:06.395]    __FlashOp=0x00000000
[23:52:06.395]    __Result=0x00000000
[23:52:06.395]    
[23:52:06.395]    // User-defined
[23:52:06.395]    DbgMCU_CR=0x00000007
[23:52:06.395]  </debugvars>
[23:52:06.395]  
[23:52:06.395]  <sequence name="DebugCoreStart" Pname="" disable="false" info="">
[23:52:06.395]    <block atomic="false" info="">
[23:52:06.395]      Write32(0xE000EDF0, 0xA05F0001);                                        // Enable Core Debug via DHCSR
[23:52:06.395]        // -> [Write32(0xE000EDF0, 0xA05F0001)]   (__dp=0x00000000, __ap=0x00000000)
[23:52:06.395]      Write32(0xE0042004, DbgMCU_CR);                                         // DBGMCU_CR: Configure MCU Debug
[23:52:06.395]        // -> [Write32(0xE0042004, 0x00000007)]   (__dp=0x00000000, __ap=0x00000000)
[23:52:06.395]    </block>
[23:52:06.395]  </sequence>
[23:52:06.395]  
[00:26:52.834]  **********  Sequence "DebugDeviceUnlock"  (Context="Target Access", Pname="", info="")
[00:26:52.834]  
[00:26:52.837]  <debugvars>
[00:26:52.837]    // Pre-defined
[00:26:52.837]    __protocol=0x00010002      (Protocol="SWD", SWJ-DP="True")
[00:26:52.837]    __connection=0x00000202    (Connection Type="Flash", Reset Type="System Reset")
[00:26:52.837]    __dp=0x00000000
[00:26:52.837]    __ap=0x00000000
[00:26:52.837]    __traceout=0x00000000      (Trace Disabled)
[00:26:52.837]    __errorcontrol=0x00000000  (Skip Errors="False")
[00:26:52.837]    __FlashAddr=0x00000000
[00:26:52.837]    __FlashLen=0x00000000
[00:26:52.837]    __FlashArg=0x00000000
[00:26:52.837]    __FlashOp=0x00000000
[00:26:52.839]    __Result=0x00000000
[00:26:52.839]    
[00:26:52.839]    // User-defined
[00:26:52.839]    DbgMCU_CR=0x00000007
[00:26:52.839]  </debugvars>
[00:26:52.839]  
[00:26:52.839]  <sequence name="DebugDeviceUnlock" Pname="" disable="false" info="">
[00:26:52.839]    <block atomic="false" info="">
[00:26:52.839]      Sequence("CheckID");
[00:26:52.839]        <sequence name="CheckID" Pname="" disable="false" info="">
[00:26:52.839]          <block atomic="false" info="">
[00:26:52.840]            __var pidr1 = 0;
[00:26:52.840]              // -> [pidr1 <= 0x00000000]
[00:26:52.840]            __var pidr2 = 0;
[00:26:52.840]              // -> [pidr2 <= 0x00000000]
[00:26:52.840]            __var jep106id = 0;
[00:26:52.840]              // -> [jep106id <= 0x00000000]
[00:26:52.840]            __var ROMTableBase = 0;
[00:26:52.840]              // -> [ROMTableBase <= 0x00000000]
[00:26:52.840]            __ap = 0;      // AHB-AP
[00:26:52.840]              // -> [__ap <= 0x00000000]
[00:26:52.840]            ROMTableBase = ReadAP(0xF8) & ~0x3;
[00:26:52.840]              // -> [ReadAP(0x000000F8) => 0xE00FF003]   (__dp=0x00000000, __ap=0x00000000)
[00:26:52.840]              // -> [ROMTableBase <= 0xE00FF000]
[00:26:52.840]            pidr1 = Read32(ROMTableBase + 0x0FE4);
[00:26:52.840]              // -> [Read32(0xE00FFFE4) => 0x00000004]   (__dp=0x00000000, __ap=0x00000000)
[00:26:52.840]              // -> [pidr1 <= 0x00000004]
[00:26:52.840]            pidr2 = Read32(ROMTableBase + 0x0FE8);
[00:26:52.840]              // -> [Read32(0xE00FFFE8) => 0x0000000A]   (__dp=0x00000000, __ap=0x00000000)
[00:26:52.840]              // -> [pidr2 <= 0x0000000A]
[00:26:52.840]            jep106id = ((pidr2 & 0x7) << 4 ) | ((pidr1 >> 4) & 0xF);
[00:26:52.840]              // -> [jep106id <= 0x00000020]
[00:26:52.840]          </block>
[00:26:52.840]          <control if="jep106id != 0x20" while="" timeout="0" info="">
[00:26:52.840]            // if-block "jep106id != 0x20"
[00:26:52.840]              // =>  FALSE
[00:26:52.840]            // skip if-block "jep106id != 0x20"
[00:26:52.844]          </control>
[00:26:52.844]        </sequence>
[00:26:52.844]    </block>
[00:26:52.844]  </sequence>
[00:26:52.844]  
[00:26:52.844]  **********  Sequence "DebugCoreStart"  (Context="Target Access", Pname="", info="")
[00:26:52.844]  
[00:26:52.844]  <debugvars>
[00:26:52.844]    // Pre-defined
[00:26:52.844]    __protocol=0x00010002      (Protocol="SWD", SWJ-DP="True")
[00:26:52.844]    __connection=0x00000202    (Connection Type="Flash", Reset Type="System Reset")
[00:26:52.844]    __dp=0x00000000
[00:26:52.844]    __ap=0x00000000
[00:26:52.844]    __traceout=0x00000000      (Trace Disabled)
[00:26:52.844]    __errorcontrol=0x00000000  (Skip Errors="False")
[00:26:52.844]    __FlashAddr=0x00000000
[00:26:52.844]    __FlashLen=0x00000000
[00:26:52.844]    __FlashArg=0x00000000
[00:26:52.844]    __FlashOp=0x00000000
[00:26:52.844]    __Result=0x00000000
[00:26:52.844]    
[00:26:52.844]    // User-defined
[00:26:52.844]    DbgMCU_CR=0x00000007
[00:26:52.844]  </debugvars>
[00:26:52.844]  
[00:26:52.844]  <sequence name="DebugCoreStart" Pname="" disable="false" info="">
[00:26:52.844]    <block atomic="false" info="">
[00:26:52.844]      Write32(0xE000EDF0, 0xA05F0001);                                        // Enable Core Debug via DHCSR
[00:26:52.844]        // -> [Write32(0xE000EDF0, 0xA05F0001)]   (__dp=0x00000000, __ap=0x00000000)
[00:26:52.847]      Write32(0xE0042004, DbgMCU_CR);                                         // DBGMCU_CR: Configure MCU Debug
[00:26:52.847]        // -> [Write32(0xE0042004, 0x00000007)]   (__dp=0x00000000, __ap=0x00000000)
[00:26:52.847]    </block>
[00:26:52.847]  </sequence>
[00:26:52.847]  
[00:37:38.658]  **********  Sequence "DebugDeviceUnlock"  (Context="Target Access", Pname="", info="")
[00:37:38.658]  
[00:37:38.658]  <debugvars>
[00:37:38.658]    // Pre-defined
[00:37:38.658]    __protocol=0x00010002      (Protocol="SWD", SWJ-DP="True")
[00:37:38.658]    __connection=0x00000202    (Connection Type="Flash", Reset Type="System Reset")
[00:37:38.658]    __dp=0x00000000
[00:37:38.658]    __ap=0x00000000
[00:37:38.658]    __traceout=0x00000000      (Trace Disabled)
[00:37:38.658]    __errorcontrol=0x00000000  (Skip Errors="False")
[00:37:38.658]    __FlashAddr=0x00000000
[00:37:38.658]    __FlashLen=0x00000000
[00:37:38.658]    __FlashArg=0x00000000
[00:37:38.658]    __FlashOp=0x00000000
[00:37:38.658]    __Result=0x00000000
[00:37:38.658]    
[00:37:38.658]    // User-defined
[00:37:38.658]    DbgMCU_CR=0x00000007
[00:37:38.658]  </debugvars>
[00:37:38.658]  
[00:37:38.658]  <sequence name="DebugDeviceUnlock" Pname="" disable="false" info="">
[00:37:38.658]    <block atomic="false" info="">
[00:37:38.658]      Sequence("CheckID");
[00:37:38.658]        <sequence name="CheckID" Pname="" disable="false" info="">
[00:37:38.658]          <block atomic="false" info="">
[00:37:38.658]            __var pidr1 = 0;
[00:37:38.658]              // -> [pidr1 <= 0x00000000]
[00:37:38.658]            __var pidr2 = 0;
[00:37:38.658]              // -> [pidr2 <= 0x00000000]
[00:37:38.658]            __var jep106id = 0;
[00:37:38.658]              // -> [jep106id <= 0x00000000]
[00:37:38.658]            __var ROMTableBase = 0;
[00:37:38.658]              // -> [ROMTableBase <= 0x00000000]
[00:37:38.658]            __ap = 0;      // AHB-AP
[00:37:38.658]              // -> [__ap <= 0x00000000]
[00:37:38.658]            ROMTableBase = ReadAP(0xF8) & ~0x3;
[00:37:38.667]              // -> [ReadAP(0x000000F8) => 0xE00FF003]   (__dp=0x00000000, __ap=0x00000000)
[00:37:38.667]              // -> [ROMTableBase <= 0xE00FF000]
[00:37:38.667]            pidr1 = Read32(ROMTableBase + 0x0FE4);
[00:37:38.667]              // -> [Read32(0xE00FFFE4) => 0x00000004]   (__dp=0x00000000, __ap=0x00000000)
[00:37:38.667]              // -> [pidr1 <= 0x00000004]
[00:37:38.667]            pidr2 = Read32(ROMTableBase + 0x0FE8);
[00:37:38.667]              // -> [Read32(0xE00FFFE8) => 0x0000000A]   (__dp=0x00000000, __ap=0x00000000)
[00:37:38.667]              // -> [pidr2 <= 0x0000000A]
[00:37:38.667]            jep106id = ((pidr2 & 0x7) << 4 ) | ((pidr1 >> 4) & 0xF);
[00:37:38.667]              // -> [jep106id <= 0x00000020]
[00:37:38.667]          </block>
[00:37:38.667]          <control if="jep106id != 0x20" while="" timeout="0" info="">
[00:37:38.667]            // if-block "jep106id != 0x20"
[00:37:38.667]              // =>  FALSE
[00:37:38.667]            // skip if-block "jep106id != 0x20"
[00:37:38.667]          </control>
[00:37:38.667]        </sequence>
[00:37:38.667]    </block>
[00:37:38.667]  </sequence>
[00:37:38.667]  
[00:37:38.667]  **********  Sequence "DebugCoreStart"  (Context="Target Access", Pname="", info="")
[00:37:38.667]  
[00:37:38.667]  <debugvars>
[00:37:38.667]    // Pre-defined
[00:37:38.667]    __protocol=0x00010002      (Protocol="SWD", SWJ-DP="True")
[00:37:38.667]    __connection=0x00000202    (Connection Type="Flash", Reset Type="System Reset")
[00:37:38.667]    __dp=0x00000000
[00:37:38.667]    __ap=0x00000000
[00:37:38.667]    __traceout=0x00000000      (Trace Disabled)
[00:37:38.667]    __errorcontrol=0x00000000  (Skip Errors="False")
[00:37:38.667]    __FlashAddr=0x00000000
[00:37:38.667]    __FlashLen=0x00000000
[00:37:38.667]    __FlashArg=0x00000000
[00:37:38.667]    __FlashOp=0x00000000
[00:37:38.667]    __Result=0x00000000
[00:37:38.667]    
[00:37:38.667]    // User-defined
[00:37:38.667]    DbgMCU_CR=0x00000007
[00:37:38.667]  </debugvars>
[00:37:38.667]  
[00:37:38.667]  <sequence name="DebugCoreStart" Pname="" disable="false" info="">
[00:37:38.667]    <block atomic="false" info="">
[00:37:38.667]      Write32(0xE000EDF0, 0xA05F0001);                                        // Enable Core Debug via DHCSR
[00:37:38.673]        // -> [Write32(0xE000EDF0, 0xA05F0001)]   (__dp=0x00000000, __ap=0x00000000)
[00:37:38.673]      Write32(0xE0042004, DbgMCU_CR);                                         // DBGMCU_CR: Configure MCU Debug
[00:37:38.673]        // -> [Write32(0xE0042004, 0x00000007)]   (__dp=0x00000000, __ap=0x00000000)
[00:37:38.673]    </block>
[00:37:38.673]  </sequence>
[00:37:38.673]  
